\BOOKMARK [0][-]{chapter*.1}{Abstract}{}% 1
\BOOKMARK [0][-]{chapter*.2}{Zusammenfassung}{}% 2
\BOOKMARK [0][-]{chapter.1}{Introduction}{}% 3
\BOOKMARK [0][-]{chapter.2}{Foundations}{}% 4
\BOOKMARK [1][-]{section.2.1}{The Palladio Component Model}{chapter.2}% 5
\BOOKMARK [2][-]{subsection.2.1.1}{Palladio Models}{section.2.1}% 6
\BOOKMARK [2][-]{subsection.2.1.2}{SEFFs}{section.2.1}% 7
\BOOKMARK [1][-]{section.2.2}{Vitruvius}{chapter.2}% 8
\BOOKMARK [2][-]{subsection.2.2.1}{Vitruvius VSUM}{section.2.2}% 9
\BOOKMARK [2][-]{subsection.2.2.2}{Correspondence Meta-model}{section.2.2}% 10
\BOOKMARK [1][-]{section.2.3}{Java Model Parser and printer}{chapter.2}% 11
\BOOKMARK [1][-]{section.2.4}{Automated Coevolution of Source Code and Software Architecture Models}{chapter.2}% 12
\BOOKMARK [2][-]{subsection.2.4.1}{Incremental SEFF Reconstruction}{section.2.4}% 13
\BOOKMARK [1][-]{section.2.5}{Kieker Monitoring Framework}{chapter.2}% 14
\BOOKMARK [1][-]{section.2.6}{Source Code Model eXtractor}{chapter.2}% 15
\BOOKMARK [2][-]{subsection.2.6.1}{Source Code Decorator Model}{section.2.6}% 16
\BOOKMARK [2][-]{subsection.2.6.2}{SoMoX SEFFs Reconstruction}{section.2.6}% 17
\BOOKMARK [1][-]{section.2.7}{DevOps}{chapter.2}% 18
\BOOKMARK [1][-]{section.2.8}{Continuous Integration of Performance Model}{chapter.2}% 19
\BOOKMARK [2][-]{subsection.2.8.1}{Iterative Performance Model Parameter Estimation Considering Parametric Dependencies}{section.2.8}% 20
\BOOKMARK [0][-]{chapter.3}{Thesis Statement}{}% 21
\BOOKMARK [1][-]{section.3.1}{Contribution}{chapter.3}% 22
\BOOKMARK [1][-]{section.3.2}{Scientific challenges}{chapter.3}% 23
\BOOKMARK [0][-]{chapter.4}{Adaptive Monitoring for Continuous Performance Model Integration}{}% 24
\BOOKMARK [1][-]{section.4.1}{Context of our Approach}{chapter.4}% 25
\BOOKMARK [1][-]{section.4.2}{Terminology}{chapter.4}% 26
\BOOKMARK [2][-]{subsection.4.2.1}{Monitoring Probes}{section.4.2}% 27
\BOOKMARK [2][-]{subsection.4.2.2}{Monitoring Records}{section.4.2}% 28
\BOOKMARK [2][-]{subsection.4.2.3}{Adaptive Instrumentation}{section.4.2}% 29
\BOOKMARK [2][-]{subsection.4.2.4}{Adaptive Monitoring}{section.4.2}% 30
\BOOKMARK [1][-]{section.4.3}{Approach}{chapter.4}% 31
\BOOKMARK [1][-]{section.4.4}{The Vitruvius VSUM of our Approach}{chapter.4}% 32
\BOOKMARK [1][-]{section.4.5}{Instrumentation Meta-model}{chapter.4}% 33
\BOOKMARK [1][-]{section.4.6}{Probes Generation}{chapter.4}% 34
\BOOKMARK [2][-]{subsection.4.6.1}{Collecting Information for the Transformation}{section.4.6}% 35
\BOOKMARK [2][-]{subsection.4.6.2}{Keeping the Source Code and the Instrumentation Consistent}{section.4.6}% 36
\BOOKMARK [1][-]{section.4.7}{Adaptive Instrumentation Process}{chapter.4}% 37
\BOOKMARK [2][-]{subsection.4.7.1}{Design}{section.4.7}% 38
\BOOKMARK [2][-]{subsection.4.7.2}{Inputs}{section.4.7}% 39
\BOOKMARK [2][-]{subsection.4.7.3}{Output}{section.4.7}% 40
\BOOKMARK [2][-]{subsection.4.7.4}{Architecture}{section.4.7}% 41
\BOOKMARK [2][-]{subsection.4.7.5}{Call Sequence of the Instrumentation Process}{section.4.7}% 42
\BOOKMARK [2][-]{subsection.4.7.6}{Service Parameters Extraction}{section.4.7}% 43
\BOOKMARK [1][-]{section.4.8}{Limitation}{chapter.4}% 44
\BOOKMARK [1][-]{section.4.9}{Extending the Incremental SEFF Reconstruction Process}{chapter.4}% 45
\BOOKMARK [2][-]{subsection.4.9.1}{Objective}{section.4.9}% 46
\BOOKMARK [2][-]{subsection.4.9.2}{Method}{section.4.9}% 47
\BOOKMARK [2][-]{subsection.4.9.3}{Scientific Challenges}{section.4.9}% 48
\BOOKMARK [2][-]{subsection.4.9.4}{SEFF Comparison}{section.4.9}% 49
\BOOKMARK [2][-]{subsection.4.9.5}{Approach}{section.4.9}% 50
\BOOKMARK [2][-]{subsection.4.9.6}{Implementation Limitation}{section.4.9}% 51
\BOOKMARK [0][-]{chapter.5}{Evaluation}{}% 52
\BOOKMARK [1][-]{section.5.1}{Case Study}{chapter.5}% 53
\BOOKMARK [1][-]{section.5.2}{Adaptive Instrumentation}{chapter.5}% 54
\BOOKMARK [2][-]{subsection.5.2.1}{Incremental Instrumentation}{section.5.2}% 55
\BOOKMARK [2][-]{subsection.5.2.2}{Monitoring Information}{section.5.2}% 56
\BOOKMARK [1][-]{section.5.3}{Adaptive Monitoring}{chapter.5}% 57
\BOOKMARK [0][-]{chapter.6}{Related Work}{}% 58
\BOOKMARK [0][-]{chapter.7}{Conclusions and Future Work}{}% 59
\BOOKMARK [1][-]{subsection.7.0.1}{Summary}{chapter.7}% 60
\BOOKMARK [2][-]{subsection.7.0.2}{Future Work}{subsection.7.0.1}% 61
